<?xml version="1.0" encoding="UTF-8"?>
<!-- Generated by org.testng.reporters.JUnitXMLReporter -->
<testsuite ignored="0" hostname="DESKTOP-KDKJ11Q" failures="0" tests="1" name="Test(failed)(failed)(failed)(failed)(failed)(failed)(failed)(failed)(failed)" time="38.196" errors="0" timestamp="2022-02-23T14:20:22 PST">
  <testcase classname="comm.fierbase.tests.RandomScenario.RandomScenarioTest" name="verifyTheTabCustomizaionT35" time="29.461"/>
</testsuite> <!-- Test(failed)(failed)(failed)(failed)(failed)(failed)(failed)(failed)(failed) -->
