<?xml version="1.0" encoding="UTF-8"?>
<!-- Generated by org.testng.reporters.JUnitXMLReporter -->
<testsuite ignored="0" hostname="DESKTOP-KDKJ11Q" failures="1" tests="1" name="Test(failed)(failed)(failed)" time="23.104" errors="0" timestamp="2022-02-23T13:39:20 PST">
  <testcase classname="comm.fierbase.tests.RandomScenario.RandomScenarioTest" name="verifyTheTabCustomizaionT35" time="16.174">
    <failure type="org.openqa.selenium.NoSuchElementException" message="Cannot locate option with index: 2
For documentation on this error, please visit: http://seleniumhq.org/exceptions/no_such_element.html
Build info: version: &amp;apos;3.141.5&amp;apos;, revision: &amp;apos;d54ebd709a&amp;apos;, time: &amp;apos;2018-11-06T11:42:16&amp;apos;
System info: host: &amp;apos;DESKTOP-KDKJ11Q&amp;apos;, ip: &amp;apos;192.168.0.10&amp;apos;, os.name: &amp;apos;Windows 10&amp;apos;, os.arch: &amp;apos;amd64&amp;apos;, os.version: &amp;apos;10.0&amp;apos;, java.version: &amp;apos;16.0.2&amp;apos;
Driver info: driver.version: unknown">
      <![CDATA[org.openqa.selenium.NoSuchElementException: Cannot locate option with index: 2
For documentation on this error, please visit: http://seleniumhq.org/exceptions/no_such_element.html
Build info: version: '3.141.5', revision: 'd54ebd709a', time: '2018-11-06T11:42:16'
System info: host: 'DESKTOP-KDKJ11Q', ip: '192.168.0.10', os.name: 'Windows 10', os.arch: 'amd64', os.version: '10.0', java.version: '16.0.2'
Driver info: driver.version: unknown
at org.openqa.selenium.support.ui.Select.setSelectedByIndex(Select.java:291)
at org.openqa.selenium.support.ui.Select.selectByIndex(Select.java:166)
at com.salesfForce.pages.Home.HomePage.selectFromCustomizedTabAndRemove(HomePage.java:52)
at comm.fierbase.tests.RandomScenario.RandomScenarioTest.verifyTheTabCustomizaionT35(RandomScenarioTest.java:40)
at java.base/java.util.ArrayList.forEach(ArrayList.java:1511)
... Removed 27 stack frames]]>
    </failure>
  </testcase> <!-- verifyTheTabCustomizaionT35 -->
</testsuite> <!-- Test(failed)(failed)(failed) -->
