<?xml version="1.0" encoding="UTF-8"?>
<!-- Generated by org.testng.reporters.JUnitXMLReporter -->
<testsuite ignored="0" hostname="DESKTOP-KDKJ11Q" failures="1" tests="1" name="Test(failed)(failed)(failed)(failed)(failed)(failed)" time="72.71" errors="0" timestamp="2022-02-23T13:56:41 PST">
  <testcase classname="comm.fierbase.tests.RandomScenario.RandomScenarioTest" name="verifyTheTabCustomizaionT35" time="66.258">
    <failure type="org.openqa.selenium.TimeoutException" message="Expected condition failed: waiting for visibility of [[ChromeDriver: chrome on WINDOWS (4aaa550db37d4dc68dc48efbbe5879f1)] -&amp;gt; xpath: //a[@title=&amp;apos;Logout&amp;apos;]] (tried for 50 second(s) with 500 milliseconds interval)
Build info: version: &amp;apos;3.141.5&amp;apos;, revision: &amp;apos;d54ebd709a&amp;apos;, time: &amp;apos;2018-11-06T11:42:16&amp;apos;
System info: host: &amp;apos;DESKTOP-KDKJ11Q&amp;apos;, ip: &amp;apos;192.168.0.10&amp;apos;, os.name: &amp;apos;Windows 10&amp;apos;, os.arch: &amp;apos;amd64&amp;apos;, os.version: &amp;apos;10.0&amp;apos;, java.version: &amp;apos;16.0.2&amp;apos;
Driver info: org.openqa.selenium.chrome.ChromeDriver
Capabilities {acceptInsecureCerts: false, browserName: chrome, browserVersion: 98.0.4758.102, chrome: {chromedriverVersion: 98.0.4758.102 (273bf7ac8c90..., userDataDir: C:\Users\chitr\AppData\Loca...}, goog:chromeOptions: {debuggerAddress: localhost:59421}, javascriptEnabled: true, networkConnectionEnabled: false, pageLoadStrategy: normal, platform: WINDOWS, platformName: WINDOWS, proxy: Proxy(), setWindowRect: true, strictFileInteractability: false, timeouts: {implicit: 0, pageLoad: 300000, script: 30000}, unhandledPromptBehavior: dismiss and notify, webauthn:extension:credBlob: true, webauthn:extension:largeBlob: true, webauthn:virtualAuthenticators: true}
Session ID: 4aaa550db37d4dc68dc48efbbe5879f1">
      <![CDATA[org.openqa.selenium.TimeoutException: Expected condition failed: waiting for visibility of [[ChromeDriver: chrome on WINDOWS (4aaa550db37d4dc68dc48efbbe5879f1)] -> xpath: //a[@title='Logout']] (tried for 50 second(s) with 500 milliseconds interval)
Build info: version: '3.141.5', revision: 'd54ebd709a', time: '2018-11-06T11:42:16'
System info: host: 'DESKTOP-KDKJ11Q', ip: '192.168.0.10', os.name: 'Windows 10', os.arch: 'amd64', os.version: '10.0', java.version: '16.0.2'
Driver info: org.openqa.selenium.chrome.ChromeDriver
Capabilities {acceptInsecureCerts: false, browserName: chrome, browserVersion: 98.0.4758.102, chrome: {chromedriverVersion: 98.0.4758.102 (273bf7ac8c90..., userDataDir: C:\Users\chitr\AppData\Loca...}, goog:chromeOptions: {debuggerAddress: localhost:59421}, javascriptEnabled: true, networkConnectionEnabled: false, pageLoadStrategy: normal, platform: WINDOWS, platformName: WINDOWS, proxy: Proxy(), setWindowRect: true, strictFileInteractability: false, timeouts: {implicit: 0, pageLoad: 300000, script: 30000}, unhandledPromptBehavior: dismiss and notify, webauthn:extension:credBlob: true, webauthn:extension:largeBlob: true, webauthn:virtualAuthenticators: true}
Session ID: 4aaa550db37d4dc68dc48efbbe5879f1
at org.openqa.selenium.support.ui.WebDriverWait.timeoutException(WebDriverWait.java:95)
at org.openqa.selenium.support.ui.FluentWait.until(FluentWait.java:272)
at com.salesForce.base.BasePage.waitUntilVisible(BasePage.java:108)
at com.salesfForce.pages.Home.HomePage.logOutNLoginFromCustom(HomePage.java:93)
at comm.fierbase.tests.RandomScenario.RandomScenarioTest.verifyTheTabCustomizaionT35(RandomScenarioTest.java:41)
at java.base/java.util.ArrayList.forEach(ArrayList.java:1511)
... Removed 27 stack frames]]>
    </failure>
  </testcase> <!-- verifyTheTabCustomizaionT35 -->
</testsuite> <!-- Test(failed)(failed)(failed)(failed)(failed)(failed) -->
